
[1m[30m[46m RUN [49m[39m[22m [36mv4.1.6 [39m[90m/app/applet[39m

[90mstdout[2m | src/quant/__tests__/judgeVerdict.test.ts[2m > [22m[2mJudge Verdict[2m > [22m[2m1. Strong uptrend synthetic series
[22m[39mLAST 5 CANDLES IN UPTREND TEST: [
  {
    "date": "2026-05-29T10:43:46.472Z",
    "open": 1006.2086857598956,
    "high": 1006.4586857598956,
    "low": 1006.1586857598957,
    "close": 1006.4086857598957,
    "volume": 1000
  },
  {
    "date": "2026-05-29T10:44:46.472Z",
    "open": 1006.4086857598957,
    "high": 1006.6586857598957,
    "low": 1006.3586857598957,
    "close": 1006.6086857598957,
    "volume": 1000
  },
  {
    "date": "2026-05-29T10:45:46.472Z",
    "open": 1006.6086857598957,
    "high": 1006.8586857598957,
    "low": 1006.5586857598958,
    "close": 1006.8086857598958,
    "volume": 1000
  },
  {
    "date": "2026-05-29T10:46:46.472Z",
    "open": 1006.8086857598958,
    "high": 1007.0586857598958,
    "low": 1006.7586857598958,
    "close": 1007.0086857598958,
    "volume": 1000
  },
  {
    "date": "2026-05-29T10:47:46.472Z",
    "open": 1007.0086857598958,
    "high": 1007.3286857598957,
    "low": 1006.4086857598958,
    "close": 1007.3086857598958,
    "volume": 1000
  }
]
[CHARTLENS] decision: NO_TRADE conf=50%
  Cases: {
    bull: { j1: [33m4[39m, j2: [33m0[39m, j3: [33m2.1[39m, total: [33m6.1[39m },
    bear: { j1: [33m0[39m, j2: [33m4[39m, j3: [33m0.85[39m, total: [33m4.85[39m }
  }
  Intrinsic J1: { bull: [33m4[39m, bear: [33m0[39m }
  Intrinsic J2: { bull: [33m0[39m, bear: [33m3[39m }
  Intrinsic J3: { bull: [33m0.6[39m, bear: [33m0.85[39m }
  Technique J1/J2/J3: {
    bullJ1: [33m0[39m,
    bullJ2: [33m0[39m,
    bullJ3: [33m1.5[39m,
    bearJ1: [33m0[39m,
    bearJ2: [33m3.25[39m,
    bearJ3: [33m0[39m
  }
  Skeptic mult: [33m0.9[39m verdict: ACCEPT
  Techniques evaluated: [33m12[39m matched: [33m3[39m skipped: [33m0[39m unknown: [33m0[39m
  judgeContribs: [
    {
      judge: [32m'J1'[39m,
      side: [32m'BULL'[39m,
      contributor: [32m'intrinsic.macd_bull_stack'[39m,
      value: [33m1.5[39m,
      reason: [32m'MACD=1.2552 > Signal=1.1822, hist=0.0730>0'[39m
    },
    {
      judge: [32m'J1'[39m,
      side: [32m'BULL'[39m,
      contributor: [32m'intrinsic.macd_accel_up'[39m,
      value: [33m0.75[39m,
      reason: [32m'MACD hist accelerating up (Δ=0.00168)'[39m
    },
    {
      judge: [32m'J1'[39m,
      side: [32m'BULL'[39m,
      contributor: [32m'intrinsic.ema9_slope_up'[39m,
      value: [33m1.75[39m,
      reason: [32m'EMA9 slope=0.2199 > 0.05'[39m
    },
    {
      judge: [32m'J2'[39m,
      side: [32m'BEAR'[39m,
      contributor: [32m'intrinsic.rsi_overbought'[39m,
      value: [33m2[39m,
      reason: [32m'RSI(14)=99.42 > 70 overbought'[39m
    },
    {
      judge: [32m'J2'[39m,
      side: [32m'BEAR'[39m,
      contributor: [32m'intrinsic.stoch_overbought'[39m,
      value: [33m1[39m,
      reason: [32m'Stoch K=99.3 D=98.6 > 80'[39m
    },
    {
      judge: [32m'J3'[39m,
      side: [32m'BULL'[39m,
      contributor: [32m'intrinsic.z_significance'[39m,
      value: [33m0.1[39m,
      reason: [32m'Z=0, type=MIXED'[39m
    },
    {
      judge: [32m'J3'[39m,
      side: [32m'BEAR'[39m,
      contributor: [32m'intrinsic.z_significance'[39m,
      value: [33m0.1[39m,
      reason: [32m'Z=0, type=MIXED'[39m
    },
    {
      judge: [32m'J3'[39m,
      side: [32m'BEAR'[39m,
      contributor: [32m'intrinsic.boll_upper_edge'[39m,
      value: [33m0.75[39m,
      reason: [32m'Price 1007.31 near upper BB 1007.64'[39m
    },
    {
      judge: [32m'J3'[39m,
      side: [32m'BULL'[39m,
      contributor: [32m'intrinsic.lower_wick_rejection'[39m,
      value: [33m0.5[39m,
      reason: [32m'Lower wick 0.6000 > 1.8×body 0.3000'[39m
    }
  ]
UPTREND RESULT: {
  "agent": "JUDGE",
  "signal": "NO_TRADE",
  "decision": "WEAK",
  "cases": {
    "bull": {
      "j1": 4,
      "j2": 0,
      "j3": 2.1,
      "total": 6.1
    },
    "bear": {
      "j1": 0,
      "j2": 4,
      "j3": 0.85,
      "total": 4.85
    }
  },
  "winner": "NO_TRADE",
  "margin": 1.25,
  "skepticMultiplier": 0.9,
  "skepticPenalty": 10,
  "skepticVerdict": "ACCEPT",
  "finalConfidence": 50,
  "finalScore": 0,
  "ruling": "NO_TRADE — Margin of 1.3 is below minimum threshold of 3.0. Scores (6.10 vs 4.85) are too close (minimum difference of 3.0 required). A clearer trend or score divergence is required to safely trade options signals.",
  "primaryEvidence": "Bullish momentum structure dominant",
  "noTradeReason": "Margin of 1.3 is below minimum threshold of 3.0. Scores (6.10 vs 4.85) are too close (minimum difference of 3.0 required).",
  "topPatterns": {
    "bull": [],
    "bear": []
  },
  "techniquesUsed": "Execution Driven Only",
  "techUsedCount": 12,
  "formattedReport": "┌─────────────────────────────────────┐\n│  ARBITRATOR FINAL VERDICT           │\n│  Signal: NO_TRADE             │\n│  Confidence: 50 %                 │\n├─────────────────────────────────────┤\n│  CASE 1 — BULL                      │\n│  J1 Reasoning: 4.0  / 4.0         │\n│  J2 Vehicle:   0.0  / 4.0         │\n│  J3 Reversal:  2.1  / 3.0         │\n│  Total:        6.1  / 11.0        │\n├─────────────────────────────────────┤\n│  CASE 2 — BEAR                      │\n│  J1 Reasoning: 0.0  / 4.0         │\n│  J2 Vehicle:   4.0  / 4.0         │\n│  J3 Reversal:  0.8  / 3.0         │\n│  Total:        4.8  / 11.0        │\n├─────────────────────────────────────┤\n│  SKEPTIC VETO:  0.90 (ACCEPT ) │\n│  Margin:        1.3                 │\n│  Final Score:   0.0                 │\n├─────────────────────────────────────┤\n│  RULING:                            │\n│  NO_TRADE — Margin of 1.3 is below  │\n│  minimum threshold of 3.0. Scores   │\n│  (6.10 vs 4.85) are too close       │\n│  (minimum difference of 3.0         │\n│  required). A clearer trend or      │\n│  score divergence is required to    │\n│  safely trade options signals.      │\n└─────────────────────────────────────┘",
  "hallucinationDetected": true,
  "hallucinationMetrics": {
    "physicsViolations": 6,
    "outOfBoundsCount": 0,
    "sensorAnomalies": 0,
    "integrityVerified": true
  },
  "tradeDetails": {
    "latencyAdjustedForecast": "Signal: NO_TRADE",
    "techniquesUsed": "rsioversold, rsioverbought, stochoversold, stochoverbought, macdbullcross, macdbearcross, bollingerlowerbreak, bollingerupperbreak, emagoldencross, emadeathcross, hammer, shootingstar",
    "executionTimeMs": 7.28
  },
  "j1Score": 4,
  "j2Score": 4,
  "j3Score": 2.95,
  "j4Score": 10,
  "techniquesEvaluation": {
    "totalTechniques": 12,
    "bulldogPoints": 1.5,
    "peerPoints": 3.25,
    "bullList": [
      {
        "id": "T011",
        "name": "hammer",
        "vote": "BULL",
        "caseIndicated": "Bulldog",
        "pointsEarned": 1.5,
        "process": "Bullish Hammer reversal (score=1.00)",
        "matched": true
      }
    ],
    "bearList": [
      {
        "id": "T001",
        "name": "rsioversold",
        "vote": "NEUTRAL",
        "caseIndicated": "Neutral",
        "pointsEarned": 0,
        "process": "RSI(14)=99.42 not oversold",
        "matched": false
      },
      {
        "id": "T002",
        "name": "rsioverbought",
        "vote": "BEAR",
        "caseIndicated": "Peer",
        "pointsEarned": 2,
        "process": "RSI(14)=99.42 > 70 overbought",
        "matched": true
      },
      {
        "id": "T003",
        "name": "stochoversold",
        "vote": "NEUTRAL",
        "caseIndicated": "Neutral",
        "pointsEarned": 0,
        "process": "Stoch not oversold",
        "matched": false
      },
      {
        "id": "T004",
        "name": "stochoverbought",
        "vote": "BEAR",
        "caseIndicated": "Peer",
        "pointsEarned": 1.25,
        "process": "Stoch K=99.3, D=98.6 > 80 overbought",
        "matched": true
      },
      {
        "id": "T005",
        "name": "macdbullcross",
        "vote": "NEUTRAL",
        "caseIndicated": "Neutral",
        "pointsEarned": 0,
        "process": "No MACD golden crossover",
        "matched": false
      },
      {
        "id": "T006",
        "name": "macdbearcross",
        "vote": "NEUTRAL",
        "caseIndicated": "Neutral",
        "pointsEarned": 0,
        "process": "No MACD death crossover",
        "matched": false
      },
      {
        "id": "T007",
        "name": "bollingerlowerbreak",
        "vote": "NEUTRAL",
        "caseIndicated": "Neutral",
        "pointsEarned": 0,
        "process": "Within Bollinger Bands",
        "matched": false
      },
      {
        "id": "T008",
        "name": "bollingerupperbreak",
        "vote": "NEUTRAL",
        "caseIndicated": "Neutral",
        "pointsEarned": 0,
        "process": "Within Bollinger Bands",
        "matched": false
      },
      {
        "id": "T009",
        "name": "emagoldencross",
        "vote": "NEUTRAL",
        "caseIndicated": "Neutral",
        "pointsEarned": 0,
        "process": "No EMA cross detected",
        "matched": false
      },
      {
        "id": "T010",
        "name": "emadeathcross",
        "vote": "NEUTRAL",
        "caseIndicated": "Neutral",
        "pointsEarned": 0,
        "process": "No EMA cross detected",
        "matched": false
      },
      {
        "id": "T012",
        "name": "shootingstar",
        "vote": "NEUTRAL",
        "caseIndicated": "Neutral",
        "pointsEarned": 0,
        "process": "No Shooting Star formed",
        "matched": false
      }
    ]
  },
  "auditTrail": {
    "judgeContribs": [
      {
        "judge": "J1",
        "side": "BULL",
        "contributor": "intrinsic.macd_bull_stack",
        "value": 1.5,
        "reason": "MACD=1.2552 > Signal=1.1822, hist=0.0730>0"
      },
      {
        "judge": "J1",
        "side": "BULL",
        "contributor": "intrinsic.macd_accel_up",
        "value": 0.75,
        "reason": "MACD hist accelerating up (Δ=0.00168)"
      },
      {
        "judge": "J1",
        "side": "BULL",
        "contributor": "intrinsic.ema9_slope_up",
        "value": 1.75,
        "reason": "EMA9 slope=0.2199 > 0.05"
      },
      {
        "judge": "J2",
        "side": "BEAR",
        "contributor": "intrinsic.rsi_overbought",
        "value": 2,
        "reason": "RSI(14)=99.42 > 70 overbought"
      },
      {
        "judge": "J2",
        "side": "BEAR",
        "contributor": "intrinsic.stoch_overbought",
        "value": 1,
        "reason": "Stoch K=99.3 D=98.6 > 80"
      },
      {
        "judge": "J3",
        "side": "BULL",
        "contributor": "intrinsic.z_significance",
        "value": 0.1,
        "reason": "Z=0, type=MIXED"
      },
      {
        "judge": "J3",
        "side": "BEAR",
        "contributor": "intrinsic.z_significance",
        "value": 0.1,
        "reason": "Z=0, type=MIXED"
      },
      {
        "judge": "J3",
        "side": "BEAR",
        "contributor": "intrinsic.boll_upper_edge",
        "value": 0.75,
        "reason": "Price 1007.31 near upper BB 1007.64"
      },
      {
        "judge": "J3",
        "side": "BULL",
        "contributor": "intrinsic.lower_wick_rejection",
        "value": 0.5,
        "reason": "Lower wick 0.6000 > 1.8×body 0.3000"
      }
    ],
    "temporalFiltering": {
      "graphTimeframeMinutes": 5,
      "durationMinutes": 15,
      "nCandles": 3,
      "nCut": 20,
      "totalCandles": 150
    },
    "preFlightIntegrity": {
      "violations": 6,
      "outOfBounds": 0,
      "nonFinite": 0,
      "totalChecked": 150,
      "anomaliesRatio": 0.04,
      "decision": "PASS"
    },
    "techniquesEvaluated": [
      {
        "id": "T001",
        "name": "rsioversold",
        "vote": "NEUTRAL",
        "score": 0,
        "bullPoints": 0,
        "bearPoints": 0,
        "reason": "RSI(14)=99.42 not oversold"
      },
      {
        "id": "T002",
        "name": "rsioverbought",
        "vote": "BEAR",
        "score": 0.9805408812375754,
        "bullPoints": 0,
        "bearPoints": 2,
        "reason": "RSI(14)=99.42 > 70 overbought"
      },
      {
        "id": "T003",
        "name": "stochoversold",
        "vote": "NEUTRAL",
        "score": 0,
        "bullPoints": 0,
        "bearPoints": 0,
        "reason": "Stoch not oversold"
      },
      {
        "id": "T004",
        "name": "stochoverbought",
        "vote": "BEAR",
        "score": 0.9663299663300023,
        "bullPoints": 0,
        "bearPoints": 1.25,
        "reason": "Stoch K=99.3, D=98.6 > 80 overbought"
      },
      {
        "id": "T005",
        "name": "macdbullcross",
        "vote": "NEUTRAL",
        "score": 0,
        "bullPoints": 0,
        "bearPoints": 0,
        "reason": "No MACD golden crossover"
      },
      {
        "id": "T006",
        "name": "macdbearcross",
        "vote": "NEUTRAL",
        "score": 0,
        "bullPoints": 0,
        "bearPoints": 0,
        "reason": "No MACD death crossover"
      },
      {
        "id": "T007",
        "name": "bollingerlowerbreak",
        "vote": "NEUTRAL",
        "score": 0,
        "bullPoints": 0,
        "bearPoints": 0,
        "reason": "Within Bollinger Bands"
      },
      {
        "id": "T008",
        "name": "bollingerupperbreak",
        "vote": "NEUTRAL",
        "score": 0,
        "bullPoints": 0,
        "bearPoints": 0,
        "reason": "Within Bollinger Bands"
      },
      {
        "id": "T009",
        "name": "emagoldencross",
        "vote": "NEUTRAL",
        "score": 0,
        "bullPoints": 0,
        "bearPoints": 0,
        "reason": "No EMA cross detected"
      },
      {
        "id": "T010",
        "name": "emadeathcross",
        "vote": "NEUTRAL",
        "score": 0,
        "bullPoints": 0,
        "bearPoints": 0,
        "reason": "No EMA cross detected"
      },
      {
        "id": "T011",
        "name": "hammer",
        "vote": "BULL",
        "score": 1,
        "bullPoints": 1.5,
        "bearPoints": 0,
        "reason": "Bullish Hammer reversal (score=1.00)"
      },
      {
        "id": "T012",
        "name": "shootingstar",
        "vote": "NEUTRAL",
        "score": 0,
        "bullPoints": 0,
        "bearPoints": 0,
        "reason": "No Shooting Star formed"
      }
    ],
    "judges": {
      "J1": {
        "rawBull": 0,
        "rawBear": 0,
        "cappedBull": 4,
        "cappedBear": 0,
        "finalBull": 4,
        "finalBear": 0
      },
      "J2": {
        "rawBull": 0,
        "rawBear": 3.25,
        "cappedBull": 0,
        "cappedBear": 4,
        "finalBull": 0,
        "finalBear": 4
      },
      "J3": {
        "rawBull": 2.1,
        "rawBear": 0.85,
        "cappedBull": 2.1,
        "cappedBear": 0.85,
        "finalBull": 2.1,
        "finalBear": 0.85,
        "components": {
          "zScore": 0,
          "zScoreBullPts": 0.1,
          "zScoreBearPts": 0.1,
          "priceYPercent": 100,
          "boundaryLabel": "EXTREME HIGH (DANGER) [Clean Bullish Close -> Continuation Breakout Blocked]",
          "boundaryBullPts": 0,
          "boundaryBearPts": 0
        }
      }
    },
    "hurstRegime": {
      "H_exp": 0.49517100659598623,
      "explanation": "Balanced Hurst regime (H=0.50)"
    },
    "j4Skeptic": {
      "penalties": [
        "Low Timeframe noise correction (0.90x modifier)"
      ],
      "finalMultiplier": 0.9,
      "verdict": "ACCEPT"
    },
    "finalResolution": {
      "rawWinner": "BULL",
      "margin": 1.25,
      "rawWinningTotal": 6.1,
      "finalConfidence": 50,
      "finalSignal": "NO_TRADE",
      "noTradeReason": "Margin of 1.3 is below minimum threshold of 3.0. Scores (6.10 vs 4.85) are too close (minimum difference of 3.0 required).",
      "finalScore": 0
    }
  },
  "confidence": 50,
  "bullScore": 6.1,
  "bearScore": 4.85,
  "boundaryBias": 0,
  "evidence": {
    "rsi": 99.41622643712726,
    "macd": 1.2552266758925725,
    "macdHist": 0.07299451506578603,
    "bollMiddle": 1005.3136857598962,
    "bollLower": 1002.9903476441665,
    "bollUpper": 1007.6370238756259,
    "localSupport": 1004.1586857598952,
    "localResistance": 1007.3286857598957,
    "lastClose": 1007.3086857598958
  }
}

 [31m❯[39m src/quant/__tests__/judgeVerdict.test.ts [2m([22m[2m6 tests[22m[2m | [22m[31m1 failed[39m[2m | [22m[33m5 skipped[39m[2m)[22m[32m 30[2mms[22m[39m
[31m     [31m×[31m 1. Strong uptrend synthetic series[39m[32m 28[2mms[22m[39m
     [2m[90m↓[39m[22m 2. Strong downtrend synthetic series
     [2m[90m↓[39m[22m 3. Sideways noise
     [2m[90m↓[39m[22m 4. Trending but EXPLOSIVE_SKIP volatility
     [2m[90m↓[39m[22m 5. totals per judge never exceed cap
     [2m[90m↓[39m[22m 6. finalConfidence is integer between 0 and 100

[31m⎯⎯⎯⎯⎯⎯⎯[39m[1m[41m Failed Tests 1 [49m[22m[31m⎯⎯⎯⎯⎯⎯⎯[39m

[41m[1m FAIL [22m[49m src/quant/__tests__/judgeVerdict.test.ts[2m > [22mJudge Verdict[2m > [22m1. Strong uptrend synthetic series
[31m[1mAssertionError[22m: expected 'NO_TRADE' to be 'BULL' // Object.is equality[39m

Expected: [32m"BULL"[39m
Received: [31m"NO_TRADE"[39m

[36m [2m❯[22m src/quant/__tests__/judgeVerdict.test.ts:[2m90:27[22m[39m
    [90m 88|[39m     [35mconst[39m result [33m=[39m [34mevaluateSignal[39m(series[33m,[39m [35mnull[39m[33m,[39m [32m'REAL_PRICE'[39m)[33m;[39m
    [90m 89|[39m     console[33m.[39m[34mlog[39m([32m"UPTREND RESULT:"[39m[33m,[39m [33mJSON[39m[33m.[39m[34mstringify[39m(result[33m,[39m [35mnull[39m[33m,[39m [34m2[39m))[33m;[39m
    [90m 90|[39m     [34mexpect[39m(result[33m.[39mwinner)[33m.[39m[34mtoBe[39m([32m'BULL'[39m)[33m;[39m
    [90m   |[39m                           [31m^[39m
    [90m 91|[39m     [34mexpect[39m(result[33m.[39mmargin)[33m.[39m[34mtoBeGreaterThanOrEqual[39m([34m2[39m)[33m;[39m
    [90m 92|[39m     [34mexpect[39m(result[33m.[39mfinalConfidence)[33m.[39m[34mtoBeGreaterThanOrEqual[39m([34m50[39m)[33m;[39m

[31m[2m⎯⎯⎯⎯⎯⎯⎯⎯⎯⎯⎯⎯⎯⎯⎯⎯⎯⎯⎯⎯⎯⎯⎯⎯[1/1]⎯[22m[39m


[2m Test Files [22m [1m[31m1 failed[39m[22m[90m (1)[39m
[2m      Tests [22m [1m[31m1 failed[39m[22m[2m | [22m[33m5 skipped[39m[90m (6)[39m
[2m   Start at [22m 10:48:45
[2m   Duration [22m 976ms[2m (transform 353ms, setup 0ms, import 433ms, tests 30ms, environment 0ms)[22m

